<?xml version="1.0" encoding="UTF-8"?>
<!-- Generated by org.testng.reporters.JUnitXMLReporter -->
<testsuite ignored="0" hostname="DESKTOP-6BBM3AJ" failures="0" tests="10" name="Test" time="23.447" errors="0" timestamp="2023-06-27T13:58:00 IST">
  <testcase classname="com.swagLabs.swagLabs" name="testingLogin" time="1.377"/>
  <testcase classname="com.swagLabs.swagLabs" name="testingLogin" time="0.8"/>
  <testcase classname="com.swagLabs.swagLabs" name="testingLogin" time="0.636"/>
  <testcase classname="com.swagLabs.swagLabs" name="testingLogin" time="5.958"/>
  <testcase classname="com.swagLabs.swagLabs" name="testingLogin" time="0.789"/>
  <testcase classname="com.swagLabs.swagLabs" name="testingLogin" time="0.617"/>
  <testcase classname="com.swagLabs.swagLabs" name="verifyLogoOnHomepage" time="0.794"/>
  <testcase classname="com.swagLabs.swagLabs" name="verifyHamburgerMenu" time="1.302"/>
  <testcase classname="com.swagLabs.swagLabs" name="testingTheFilterSorting" time="1.163"/>
  <testcase classname="com.swagLabs.swagLabs" name="verifyProductsOnHomepage" time="1.339"/>
</testsuite> <!-- Test -->
