<?xml version="1.0" encoding="UTF-8"?>
<testng-results ignored="0" total="10" passed="10" failed="0" skipped="0">
  <reporter-output>
  </reporter-output>
  <suite started-at="2023-06-27T13:57:36 IST" name="Suite" finished-at="2023-06-27T13:58:00 IST" duration-ms="23447">
    <groups>
    </groups>
    <test started-at="2023-06-27T13:57:36 IST" name="Test" finished-at="2023-06-27T13:58:00 IST" duration-ms="23447">
      <class name="com.swagLabs.swagLabs">
        <test-method is-config="true" signature="setupDriver()[pri:0, instance:com.swagLabs.swagLabs@175c2241]" started-at="2023-06-27T13:57:36 IST" name="setupDriver" finished-at="2023-06-27T13:57:41 IST" duration-ms="4599" status="PASS">
          <reporter-output>
          </reporter-output>
        </test-method> <!-- setupDriver -->
        <test-method is-config="true" signature="getToSwagLabs()[pri:0, instance:com.swagLabs.swagLabs@175c2241]" started-at="2023-06-27T13:57:41 IST" name="getToSwagLabs" finished-at="2023-06-27T13:57:42 IST" duration-ms="1483" status="PASS">
          <reporter-output>
          </reporter-output>
        </test-method> <!-- getToSwagLabs -->
        <test-method signature="testingLogin(java.lang.String,java.lang.String,java.lang.String)[pri:0, instance:com.swagLabs.swagLabs@175c2241]" started-at="2023-06-27T13:57:42 IST" name="testingLogin" data-provider="credentials" finished-at="2023-06-27T13:57:44 IST" duration-ms="1377" status="PASS">
          <params>
            <param index="0">
              <value>
                <![CDATA[valid]]>
              </value>
            </param>
            <param index="1">
              <value>
                <![CDATA[standard_user]]>
              </value>
            </param>
            <param index="2">
              <value>
                <![CDATA[secret_sauce]]>
              </value>
            </param>
          </params>
          <reporter-output>
          </reporter-output>
        </test-method> <!-- testingLogin -->
        <test-method is-config="true" signature="getToSwagLabs()[pri:0, instance:com.swagLabs.swagLabs@175c2241]" started-at="2023-06-27T13:57:44 IST" name="getToSwagLabs" finished-at="2023-06-27T13:57:44 IST" duration-ms="288" status="PASS">
          <reporter-output>
          </reporter-output>
        </test-method> <!-- getToSwagLabs -->
        <test-method signature="testingLogin(java.lang.String,java.lang.String,java.lang.String)[pri:0, instance:com.swagLabs.swagLabs@175c2241]" started-at="2023-06-27T13:57:44 IST" name="testingLogin" data-provider="credentials" finished-at="2023-06-27T13:57:45 IST" duration-ms="800" status="PASS">
          <params>
            <param index="0">
              <value>
                <![CDATA[invalid]]>
              </value>
            </param>
            <param index="1">
              <value>
                <![CDATA[something]]>
              </value>
            </param>
            <param index="2">
              <value>
                <![CDATA[standard_user]]>
              </value>
            </param>
          </params>
          <reporter-output>
          </reporter-output>
        </test-method> <!-- testingLogin -->
        <test-method is-config="true" signature="getToSwagLabs()[pri:0, instance:com.swagLabs.swagLabs@175c2241]" started-at="2023-06-27T13:57:45 IST" name="getToSwagLabs" finished-at="2023-06-27T13:57:45 IST" duration-ms="211" status="PASS">
          <reporter-output>
          </reporter-output>
        </test-method> <!-- getToSwagLabs -->
        <test-method signature="testingLogin(java.lang.String,java.lang.String,java.lang.String)[pri:0, instance:com.swagLabs.swagLabs@175c2241]" started-at="2023-06-27T13:57:45 IST" name="testingLogin" data-provider="credentials" finished-at="2023-06-27T13:57:46 IST" duration-ms="636" status="PASS">
          <params>
            <param index="0">
              <value>
                <![CDATA[invalidu]]>
              </value>
            </param>
            <param index="1">
              <value>
                <![CDATA[]]>
              </value>
            </param>
            <param index="2">
              <value>
                <![CDATA[hello]]>
              </value>
            </param>
          </params>
          <reporter-output>
          </reporter-output>
        </test-method> <!-- testingLogin -->
        <test-method is-config="true" signature="getToSwagLabs()[pri:0, instance:com.swagLabs.swagLabs@175c2241]" started-at="2023-06-27T13:57:46 IST" name="getToSwagLabs" finished-at="2023-06-27T13:57:46 IST" duration-ms="186" status="PASS">
          <reporter-output>
          </reporter-output>
        </test-method> <!-- getToSwagLabs -->
        <test-method signature="testingLogin(java.lang.String,java.lang.String,java.lang.String)[pri:0, instance:com.swagLabs.swagLabs@175c2241]" started-at="2023-06-27T13:57:46 IST" name="testingLogin" data-provider="credentials" finished-at="2023-06-27T13:57:52 IST" duration-ms="5958" status="PASS">
          <params>
            <param index="0">
              <value>
                <![CDATA[valid]]>
              </value>
            </param>
            <param index="1">
              <value>
                <![CDATA[performance_glitch_user]]>
              </value>
            </param>
            <param index="2">
              <value>
                <![CDATA[secret_sauce]]>
              </value>
            </param>
          </params>
          <reporter-output>
          </reporter-output>
        </test-method> <!-- testingLogin -->
        <test-method is-config="true" signature="getToSwagLabs()[pri:0, instance:com.swagLabs.swagLabs@175c2241]" started-at="2023-06-27T13:57:52 IST" name="getToSwagLabs" finished-at="2023-06-27T13:57:52 IST" duration-ms="215" status="PASS">
          <reporter-output>
          </reporter-output>
        </test-method> <!-- getToSwagLabs -->
        <test-method signature="testingLogin(java.lang.String,java.lang.String,java.lang.String)[pri:0, instance:com.swagLabs.swagLabs@175c2241]" started-at="2023-06-27T13:57:52 IST" name="testingLogin" data-provider="credentials" finished-at="2023-06-27T13:57:53 IST" duration-ms="789" status="PASS">
          <params>
            <param index="0">
              <value>
                <![CDATA[invalidp]]>
              </value>
            </param>
            <param index="1">
              <value>
                <![CDATA[something]]>
              </value>
            </param>
            <param index="2">
              <value>
                <![CDATA[]]>
              </value>
            </param>
          </params>
          <reporter-output>
          </reporter-output>
        </test-method> <!-- testingLogin -->
        <test-method is-config="true" signature="getToSwagLabs()[pri:0, instance:com.swagLabs.swagLabs@175c2241]" started-at="2023-06-27T13:57:53 IST" name="getToSwagLabs" finished-at="2023-06-27T13:57:53 IST" duration-ms="159" status="PASS">
          <reporter-output>
          </reporter-output>
        </test-method> <!-- getToSwagLabs -->
        <test-method signature="testingLogin(java.lang.String,java.lang.String,java.lang.String)[pri:0, instance:com.swagLabs.swagLabs@175c2241]" started-at="2023-06-27T13:57:53 IST" name="testingLogin" data-provider="credentials" finished-at="2023-06-27T13:57:54 IST" duration-ms="617" status="PASS">
          <params>
            <param index="0">
              <value>
                <![CDATA[invalidu]]>
              </value>
            </param>
            <param index="1">
              <value>
                <![CDATA[]]>
              </value>
            </param>
            <param index="2">
              <value>
                <![CDATA[]]>
              </value>
            </param>
          </params>
          <reporter-output>
          </reporter-output>
        </test-method> <!-- testingLogin -->
        <test-method is-config="true" signature="getToSwagLabs()[pri:0, instance:com.swagLabs.swagLabs@175c2241]" started-at="2023-06-27T13:57:54 IST" name="getToSwagLabs" finished-at="2023-06-27T13:57:54 IST" duration-ms="193" status="PASS">
          <reporter-output>
          </reporter-output>
        </test-method> <!-- getToSwagLabs -->
        <test-method signature="verifyLogoOnHomepage()[pri:1, instance:com.swagLabs.swagLabs@175c2241]" started-at="2023-06-27T13:57:54 IST" name="verifyLogoOnHomepage" finished-at="2023-06-27T13:57:55 IST" duration-ms="794" status="PASS">
          <reporter-output>
          </reporter-output>
        </test-method> <!-- verifyLogoOnHomepage -->
        <test-method is-config="true" signature="getToSwagLabs()[pri:0, instance:com.swagLabs.swagLabs@175c2241]" started-at="2023-06-27T13:57:55 IST" name="getToSwagLabs" finished-at="2023-06-27T13:57:55 IST" duration-ms="202" status="PASS">
          <reporter-output>
          </reporter-output>
        </test-method> <!-- getToSwagLabs -->
        <test-method signature="verifyHamburgerMenu()[pri:2, instance:com.swagLabs.swagLabs@175c2241]" started-at="2023-06-27T13:57:55 IST" name="verifyHamburgerMenu" finished-at="2023-06-27T13:57:56 IST" duration-ms="1302" status="PASS">
          <reporter-output>
          </reporter-output>
        </test-method> <!-- verifyHamburgerMenu -->
        <test-method is-config="true" signature="getToSwagLabs()[pri:0, instance:com.swagLabs.swagLabs@175c2241]" started-at="2023-06-27T13:57:56 IST" name="getToSwagLabs" finished-at="2023-06-27T13:57:57 IST" duration-ms="230" status="PASS">
          <reporter-output>
          </reporter-output>
        </test-method> <!-- getToSwagLabs -->
        <test-method signature="testingTheFilterSorting()[pri:3, instance:com.swagLabs.swagLabs@175c2241]" started-at="2023-06-27T13:57:57 IST" name="testingTheFilterSorting" finished-at="2023-06-27T13:57:58 IST" duration-ms="1163" status="PASS">
          <reporter-output>
          </reporter-output>
        </test-method> <!-- testingTheFilterSorting -->
        <test-method is-config="true" signature="getToSwagLabs()[pri:0, instance:com.swagLabs.swagLabs@175c2241]" started-at="2023-06-27T13:57:58 IST" name="getToSwagLabs" finished-at="2023-06-27T13:57:58 IST" duration-ms="134" status="PASS">
          <reporter-output>
          </reporter-output>
        </test-method> <!-- getToSwagLabs -->
        <test-method signature="verifyProductsOnHomepage()[pri:3, instance:com.swagLabs.swagLabs@175c2241]" started-at="2023-06-27T13:57:58 IST" name="verifyProductsOnHomepage" finished-at="2023-06-27T13:57:59 IST" duration-ms="1339" status="PASS">
          <reporter-output>
          </reporter-output>
        </test-method> <!-- verifyProductsOnHomepage -->
        <test-method is-config="true" signature="shutdown()[pri:0, instance:com.swagLabs.swagLabs@175c2241]" started-at="2023-06-27T13:57:59 IST" name="shutdown" finished-at="2023-06-27T13:58:00 IST" duration-ms="591" status="PASS">
          <reporter-output>
          </reporter-output>
        </test-method> <!-- shutdown -->
      </class> <!-- com.swagLabs.swagLabs -->
    </test> <!-- Test -->
  </suite> <!-- Suite -->
</testng-results>
