<?xml version="1.0" encoding="UTF-8"?>
<!-- Generated by org.testng.reporters.JUnitXMLReporter -->
<testsuite ignored="0" hostname="DESKTOP-6BBM3AJ" failures="0" tests="10" name="Default test" time="33.601" errors="0" timestamp="2023-06-27T13:52:41 IST">
  <testcase classname="com.swagLabs.swagLabs" name="testingLogin" time="1.646"/>
  <testcase classname="com.swagLabs.swagLabs" name="testingLogin" time="0.84"/>
  <testcase classname="com.swagLabs.swagLabs" name="testingLogin" time="0.844"/>
  <testcase classname="com.swagLabs.swagLabs" name="testingLogin" time="5.97"/>
  <testcase classname="com.swagLabs.swagLabs" name="testingLogin" time="0.856"/>
  <testcase classname="com.swagLabs.swagLabs" name="testingLogin" time="0.872"/>
  <testcase classname="com.swagLabs.swagLabs" name="verifyLogoOnHomepage" time="1.099"/>
  <testcase classname="com.swagLabs.swagLabs" name="verifyHamburgerMenu" time="1.649"/>
  <testcase classname="com.swagLabs.swagLabs" name="testingTheFilterSorting" time="1.598"/>
  <testcase classname="com.swagLabs.swagLabs" name="verifyProductsOnHomepage" time="1.539"/>
</testsuite> <!-- Default test -->
